<?xml version="1.0" encoding="UTF-8"?>
<!-- Generated by org.testng.reporters.JUnitXMLReporter -->
<testsuite hostname="DESKTOP-MSQGFI6" ignored="0" name="AmazonFlipkart" tests="1" failures="1" timestamp="2020-01-11T21:26:48 IST" time="48.447" errors="0">
  <testcase name="priceComparing" time="30.923" classname="com.amazonandflipkart.price.comparsion.Assignment1.AmazonAndFlipkartPriceComparisonTestcase">
    <failure type="java.util.regex.PatternSyntaxException" message="Dangling meta character &amp;apos;?&amp;apos; near index 0
?
^">
      <![CDATA[java.util.regex.PatternSyntaxException: Dangling meta character '?' near index 0
?
^
at java.util.regex.Pattern.error(Unknown Source)
at java.util.regex.Pattern.sequence(Unknown Source)
at java.util.regex.Pattern.expr(Unknown Source)
at java.util.regex.Pattern.compile(Unknown Source)
at java.util.regex.Pattern.<init>(Unknown Source)
at java.util.regex.Pattern.compile(Unknown Source)
at java.lang.String.replaceAll(Unknown Source)
at com.amazonandflipkart.price.comparsion.Assignment1.AmazonAndFlipkartPriceComparisonPages.formatString(AmazonAndFlipkartPriceComparisonPages.java:75)
at com.amazonandflipkart.price.comparsion.Assignment1.AmazonAndFlipkartPriceComparisonTestcase.priceComparing(AmazonAndFlipkartPriceComparisonTestcase.java:44)
at java.util.ArrayList.forEach(Unknown Source)
... Removed 27 stack frames]]>
    </failure>
  </testcase> <!-- priceComparing -->
</testsuite> <!-- AmazonFlipkart -->
